make.exe all --print-data-base --no-builtin-variables --no-builtin-rules --question
# GNU Make 3.82.90
# Built for i686-pc-mingw32
# Copyright (C) 1988-2012 Free Software Foundation, Inc.
# License GPLv3+: GNU GPL version 3 or later <http://gnu.org/licenses/gpl.html>
# This is free software: you are free to change and redistribute it.
# There is NO WARRANTY, to the extent permitted by law.

# Make data base, printed on Mon Jul 18 18:59:11 2022

# Variables

# automatic
<D = $(patsubst %/,%,$(patsubst %\,%,$(dir $<)))
# automatic
?F = $(notdir $?)
# default
.SHELLFLAGS := -c
# makefile (from 'Makefile', line 21)
OBJ := obj/main.o obj/tabela_hash.o obj/memlog.o obj/arvore_busca.o
# makefile (from 'Makefile', line 20)
SRC :=  src/main.cpp src/tabela_hash.cpp src/memlog.cpp src/arvore_busca.cpp
# makefile
MAKEFLAGS = Rrqp
# makefile (from 'Makefile', line 17)
TARGET := bin/tp3.exe
# automatic
?D = $(patsubst %/,%,$(patsubst %\,%,$(dir $?)))
# makefile (from 'Makefile', line 9)
SRC_PATH := src
# automatic
@D = $(patsubst %/,%,$(patsubst %\,%,$(dir $@)))
# environment
HOMEDRIVE = C:
# automatic
@F = $(notdir $@)
# automatic
^D = $(patsubst %/,%,$(patsubst %\,%,$(dir $^)))
# makefile
CURDIR := c:/Users/italo/Desktop/tp3
# default
SHELL := sh.exe
# environment
WINDIR = C:\WINDOWS
# environment
VSCODE_NLS_CONFIG = {"locale":"pt-br","availableLanguages":{"*":"pt-br"},"_languagePackId":"dc7ba51c4efcfec965eaa07de065afd6.pt-br","_translationsConfigFile":"C:\\Users\\italo\\AppData\\Roaming\\Code\\clp\\dc7ba51c4efcfec965eaa07de065afd6.pt-br\\tcf.json","_cacheRoot":"C:\\Users\\italo\\AppData\\Roaming\\Code\\clp\\dc7ba51c4efcfec965eaa07de065afd6.pt-br","_resolvedLanguagePackCoreLocation":"C:\\Users\\italo\\AppData\\Roaming\\Code\\clp\\dc7ba51c4efcfec965eaa07de065afd6.pt-br\\b06ae3b2d2dbfe28bca3134cc6be65935cdfea6a","_corruptedFile":"C:\\Users\\italo\\AppData\\Roaming\\Code\\clp\\dc7ba51c4efcfec965eaa07de065afd6.pt-br\\corrupted.info","_languagePackSupport":true}
# environment
ONEDRIVE = C:\Users\italo\OneDrive
# environment
PATHEXT = .COM;.EXE;.BAT;.CMD;.VBS;.VBE;.JS;.JSE;.WSF;.WSH;.MSC
# makefile (from 'Makefile', line 1)
MAKEFILE_LIST :=  Makefile
# environment
TMP = C:\Users\italo\AppData\Local\Temp
# environment
PROGRAMW6432 = C:\Program Files
# environment
PROGRAMDATA = C:\ProgramData
# environment
VSCODE_CWD = C:\WINDOWS\System32
# environment
PATH = C:\Program Files (x86)\Common Files\Oracle\Java\javapath;C:\Windows\system32;C:\Windows;C:\Windows\System32\Wbem;C:\Windows\System32\WindowsPowerShell\v1.0\;C:\Windows\System32\OpenSSH\;C:\Program Files (x86)\NVIDIA Corporation\PhysX\Common;C:\Program Files\NVIDIA Corporation\NVIDIA NvDLISR;C:\MinGW\bin;C:\Program Files\dotnet\;C:\WINDOWS\system32;C:\WINDOWS;C:\WINDOWS\System32\Wbem;C:\WINDOWS\System32\WindowsPowerShell\v1.0\;C:\WINDOWS\System32\OpenSSH\;C:\Program Files\Git\cmd;C:\Users\italo\AppData\Local\Microsoft\WindowsApps;C:\Users\italo\AppData\Local\Programs\Microsoft VS Code\bin;C:\MinGW\bin;
# environment
COMMONPROGRAMW6432 = C:\Program Files\Common Files
# environment
PROCESSOR_ARCHITECTURE = x86
# environment
USERPROFILE = C:\Users\italo
# environment
ALLUSERSPROFILE = C:\ProgramData
# makefile (from 'Makefile', line 7)
BIN_PATH := bin
# environment
NUMBER_OF_PROCESSORS = 4
# environment
ELECTRON_RUN_AS_NODE = 1
# makefile (from 'Makefile', line 3)
LDFLAGS := 
# default
.FEATURES := target-specific order-only second-expansion else-if shortest-stem undefine oneshell archives jobserver
# makefile (from 'Makefile', line 4)
CCOBJFLAGS := -O3 -std=c++17 -fPIC -g -c
# automatic
%F = $(notdir $%)
# environment
CHROME_CRASHPAD_PIPE_NAME = \\.\pipe\crashpad_19572_IPHTWZMUIOGEXBZH
# environment
COMPUTERNAME = DELARETI
# environment
PROGRAMFILES = C:\Program Files (x86)
# environment
DRIVERDATA = C:\Windows\System32\Drivers\DriverData
# environment
ORIGINAL_XDG_CURRENT_DESKTOP = undefined
# makefile (from 'Makefile', line 26)
CLEAN_LIST := bin/tp3.exe obj/main.o obj/tabela_hash.o obj/memlog.o obj/arvore_busca.o 
# environment
USERNAME = italo
# environment
PUBLIC = C:\Users\Public
# environment
VSCODE_AMD_ENTRYPOINT = vs/workbench/api/node/extensionHostProcess
# environment
VSCODE_CODE_CACHE_PATH = C:\Users\italo\AppData\Roaming\Code\CachedData\b06ae3b2d2dbfe28bca3134cc6be65935cdfea6a
# environment
APPLICATION_INSIGHTS_NO_DIAGNOSTIC_CHANNEL = true
# environment
COMMONPROGRAMFILES = C:\Program Files (x86)\Common Files
# environment
LOGONSERVER = \\DELARETI
# environment
ONEDRIVECONSUMER = C:\Users\italo\OneDrive
# environment
VSCODE_HANDLES_UNCAUGHT_ERRORS = true
# environment
USERDOMAIN = DELARETI
# environment
MAKELEVEL := 0
# default
MAKE = $(MAKE_COMMAND)
# default
MAKECMDGOALS := all
# makefile (from 'Makefile', line 1)
CC := g++
# makefile (from 'Makefile', line 15)
TARGET_NAME := tp3.exe
# default
MAKE_VERSION := 3.82.90
# makefile
.DEFAULT_GOAL := default
# makefile (from 'Makefile', line 2)
CCFLAGS := -O3 -std=c++17 -fPIC -g
# environment
PROGRAMFILES(X86) = C:\Program Files (x86)
# makefile (from 'Makefile', line 8)
OBJ_PATH := obj
# automatic
%D = $(patsubst %/,%,$(patsubst %\,%,$(dir $%)))
# environment
LOCALAPPDATA = C:\Users\italo\AppData\Local
# environment
PSMODULEPATH = C:\Program Files\WindowsPowerShell\Modules;C:\WINDOWS\system32\WindowsPowerShell\v1.0\Modules
# default
MAKE_COMMAND := make.exe
# environment
PROCESSOR_ARCHITEW6432 = AMD64
# default
.VARIABLES := 
# automatic
*F = $(notdir $*)
# environment
PROCESSOR_IDENTIFIER = Intel64 Family 6 Model 158 Stepping 9, GenuineIntel
# environment
OS = Windows_NT
# environment
VSCODE_IPC_HOOK = \\.\pipe\928a3df53a195d087227b9ba7beac497-1.69.1-main-sock
# environment
HOMEPATH = \Users\italo
# environment
COMMONPROGRAMFILES(X86) = C:\Program Files (x86)\Common Files
# environment
PROMPT = $P$G
# environment
MFLAGS = -Rrqp
# automatic
*D = $(patsubst %/,%,$(patsubst %\,%,$(dir $*)))
# environment
SYSTEMROOT = C:\WINDOWS
# automatic
+D = $(patsubst %/,%,$(patsubst %\,%,$(dir $+)))
# automatic
+F = $(notdir $+)
# environment
APPDATA = C:\Users\italo\AppData\Roaming
# environment
TEMP = C:\Users\italo\AppData\Local\Temp
# environment
COMSPEC = C:\WINDOWS\system32\cmd.exe
# default
MAKEFILES := 
# automatic
<F = $(notdir $<)
# environment
LC_ALL = C
# automatic
^F = $(notdir $^)
# default
SUFFIXES := 
# environment
SYSTEMDRIVE = C:
# environment
SESSIONNAME = Console
# environment
PROCESSOR_REVISION = 9e09
# default
.INCLUDE_DIRS = C:/MinGW/include
# default
.RECIPEPREFIX := 
# makefile (from 'Makefile', line 10)
INC_PATH := include
# environment
LANG = C
# environment
PROCESSOR_LEVEL = 6
# environment
VSCODE_PID = 19572
# makefile (from 'Makefile', line 24)
DISTCLEAN_LIST := obj/main.o obj/tabela_hash.o obj/memlog.o obj/arvore_busca.o 
# environment
USERDOMAIN_ROAMINGPROFILE = DELARETI
# variable set hash-table stats:
# Load=99/1024=10%, Rehash=0, Collisions=17/135=13%

# Pattern-specific Variable Values

# No pattern-specific variable values.

# Directories

# C:\Program Files\NVIDIA Corporation\NVIDIA NvDLISR (key C:/Program Files/NVIDIA Corporation/NVIDIA NvDLISR, mtime 1605381816): 5 files, no impossibilities.
# C:\Windows\System32\WindowsPowerShell\v1.0\ (key C:/Windows/System32/WindowsPowerShell/v1.0/, mtime 1622915814): 29 files, no impossibilities.
# C:\WINDOWS\System32\Wbem (key C:/WINDOWS/System32/Wbem, mtime 1655437554): 180 files, no impossibilities.
# . (key c:/Users/italo/Desktop/tp3, mtime 1658181549): 11 files, no impossibilities.
# C:\Program Files (x86)\Common Files\Oracle\Java\javapath (key C:/Program Files (x86)/Common Files/Oracle/Java/javapath, mtime 1650766943): 5 files, no impossibilities.
# C:\Program Files\Git\cmd (key C:/Program Files/Git/cmd, mtime 1642434784): 8 files, no impossibilities.
# C:\Windows\System32\OpenSSH\: could not be stat'd.
# C:\Users\italo\AppData\Local\Microsoft\WindowsApps (key C:/Users/italo/AppData/Local/Microsoft/WindowsApps, mtime 1657986649): 30 files, no impossibilities.
# C:\MinGW\bin (key C:/MinGW/bin, mtime 1626872954): 58 files, no impossibilities.
# C:\Program Files (x86)\NVIDIA Corporation\PhysX\Common (key C:/Program Files (x86)/NVIDIA Corporation/PhysX/Common, mtime 1605380293): 10 files, no impossibilities.
# C:\WINDOWS (key C:/WINDOWS, mtime 1657771542): 115 files, no impossibilities.
# C:\Users\italo\AppData\Local\Programs\Microsoft VS Code\bin (key C:/Users/italo/AppData/Local/Programs/Microsoft VS Code/bin, mtime 1657649419): 4 files, no impossibilities.
# C:\Windows (key C:/Windows, mtime 1657771542): 115 files, no impossibilities.
# C:\Windows\System32\Wbem (key C:/Windows/System32/Wbem, mtime 1655437554): 180 files, no impossibilities.
# src (key c:/Users/italo/Desktop/tp3/src, mtime 1658181427): 6 files, 1 impossibilities.
# C:\Program Files\dotnet\ (key C:/Program Files/dotnet/, mtime 1627248532): 8 files, no impossibilities.
# C:\WINDOWS\System32\WindowsPowerShell\v1.0\ (key C:/WINDOWS/System32/WindowsPowerShell/v1.0/, mtime 1622915814): 29 files, no impossibilities.
# C:\Windows\system32 (key C:/Windows/system32, mtime 1657919017): 3000 files, no impossibilities.
# C:\WINDOWS\System32\OpenSSH\: could not be stat'd.
# C:\WINDOWS\system32 (key C:/WINDOWS/system32, mtime 1657919017): 3000 files, no impossibilities.

# 6793 files, 1 impossibilities in 20 directories.

# Implicit Rules

obj/%.o: src/%.c*
#  recipe to execute (from 'Makefile', line 37):
	$(CC) -I$(INC_PATH) $(CCOBJFLAGS) -o $@ $<

# 1 implicit rules, 0 (0.0%) terminal.

# Files

all: bin/tp3.exe
#  Phony target (prerequisite of .PHONY).
#  Command line target.
#  Implicit rule search has not been done.
#  File does not exist.
#  File has not been updated.

.PHONY: makedir all clean distclean
#  Implicit rule search has not been done.
#  Modification time never checked.
#  File has not been updated.

distclean:
#  Phony target (prerequisite of .PHONY).
#  Implicit rule search has not been done.
#  File does not exist.
#  File has not been updated.
#  recipe to execute (from 'Makefile', line 54):
	@echo CLEAN $(DISTCLEAN_LIST)
	@rm -f $(DISTCLEAN_LIST)

# Not a target:
obj/main.o:
#  Implicit rule search has been done.
#  File does not exist.
#  File has not been updated.

bin/tp3.exe: obj/main.o obj/tabela_hash.o obj/memlog.o obj/arvore_busca.o
#  Implicit rule search has not been done.
#  File does not exist.
#  File has not been updated.
#  recipe to execute (from 'Makefile', line 34):
	$(CC) $(CCFLAGS) -o $@ $(OBJ) $(LDFLAGS)

# Not a target:
.SUFFIXES:
#  Implicit rule search has not been done.
#  Modification time never checked.
#  File has not been updated.

# Not a target:
Makefile:
#  Implicit rule search has been done.
#  Last modified 2022-07-18 18:47:52
#  File has been updated.
#  Successfully updated.

default: makedir all
#  Implicit rule search has not been done.
#  Modification time never checked.
#  File has not been updated.

# Not a target:
obj/arvore_busca.o:
#  Implicit rule search has not been done.
#  Modification time never checked.
#  File has not been updated.

# Not a target:
.DEFAULT:
#  Implicit rule search has not been done.
#  Modification time never checked.
#  File has not been updated.

# Not a target:
obj/tabela_hash.o:
#  Implicit rule search has not been done.
#  Modification time never checked.
#  File has not been updated.

makedir:
#  Phony target (prerequisite of .PHONY).
#  Implicit rule search has not been done.
#  File does not exist.
#  File has not been updated.
#  recipe to execute (from 'Makefile', line 42):
	@mkdir -p $(BIN_PATH) $(OBJ_PATH)

clean:
#  Phony target (prerequisite of .PHONY).
#  Implicit rule search has not been done.
#  File does not exist.
#  File has not been updated.
#  recipe to execute (from 'Makefile', line 49):
	@echo CLEAN $(CLEAN_LIST)
	@rm -rf $(CLEAN_LIST)

# Not a target:
obj/memlog.o:
#  Implicit rule search has not been done.
#  Modification time never checked.
#  File has not been updated.

# files hash-table stats:
# Load=14/1024=1%, Rehash=0, Collisions=0/44=0%
# VPATH Search Paths

# No 'vpath' search paths.

# No general ('VPATH' variable) search path.

# strcache buffers: 7 (6) / strings = 3462 / storage = 52587 B / avg = 15 B
# current buf: size = 8174 B / used = 3583 B / count = 215 / avg = 16 B
# other used: total = 44413 B / count = 3247 / avg = 13 B
# other free: total = 40 B / max = 9 B / min = 4 B / avg = 6 B

# strcache performance: lookups = 6855 / hit rate = 49%
# hash-table stats:
# Load=3462/8192=42%, Rehash=0, Collisions=2234/6855=33%
# Finished Make data base on Mon Jul 18 18:59:11 2022

 
make.exe: *** No rule to make target 'obj/main.o', needed by 'bin/tp3.exe'.  Stop.

